2019-07-16T11:32:18.159-0400 I CONTROL  [main] ***** SERVER RESTARTED *****
2019-07-16T11:32:18.181-0400 I CONTROL  [main] Automatically disabling TLS 1.0, to force-enable TLS 1.0 specify --sslDisabledProtocols 'none'
2019-07-16T11:32:18.184-0400 I CONTROL  [initandlisten] MongoDB starting : pid=14419 port=27017 dbpath=data 64-bit host=mohammads-MacBook-Pro.local
2019-07-16T11:32:18.184-0400 I CONTROL  [initandlisten] db version v4.0.10
2019-07-16T11:32:18.184-0400 I CONTROL  [initandlisten] git version: c389e7f69f637f7a1ac3cc9fae843b635f20b766
2019-07-16T11:32:18.184-0400 I CONTROL  [initandlisten] allocator: system
2019-07-16T11:32:18.184-0400 I CONTROL  [initandlisten] modules: enterprise 
2019-07-16T11:32:18.184-0400 I CONTROL  [initandlisten] build environment:
2019-07-16T11:32:18.184-0400 I CONTROL  [initandlisten]     distarch: x86_64
2019-07-16T11:32:18.184-0400 I CONTROL  [initandlisten]     target_arch: x86_64
2019-07-16T11:32:18.184-0400 I CONTROL  [initandlisten] options: { config: "m.conf", net: { bindIp: "127.0.0.1" }, storage: { dbPath: "data" }, systemLog: { destination: "file", logAppend: true, path: "log/mongod.log" } }
2019-07-16T11:32:18.186-0400 I STORAGE  [initandlisten] wiredtiger_open config: create,cache_size=7680M,session_max=20000,eviction=(threads_min=4,threads_max=4),config_base=false,statistics=(fast),log=(enabled=true,archive=true,path=journal,compressor=snappy),file_manager=(close_idle_time=100000),statistics_log=(wait=0),verbose=(recovery_progress),
2019-07-16T11:32:18.658-0400 I STORAGE  [initandlisten] WiredTiger message [1563291138:658214][14419:0x11173e5c0], txn-recover: Set global recovery timestamp: 0
2019-07-16T11:32:18.698-0400 I RECOVERY [initandlisten] WiredTiger recoveryTimestamp. Ts: Timestamp(0, 0)
2019-07-16T11:32:18.747-0400 I CONTROL  [initandlisten] 
2019-07-16T11:32:18.747-0400 I CONTROL  [initandlisten] ** WARNING: Access control is not enabled for the database.
2019-07-16T11:32:18.747-0400 I CONTROL  [initandlisten] **          Read and write access to data and configuration is unrestricted.
2019-07-16T11:32:18.747-0400 I CONTROL  [initandlisten] 
2019-07-16T11:32:18.747-0400 I CONTROL  [initandlisten] 
2019-07-16T11:32:18.747-0400 I CONTROL  [initandlisten] ** WARNING: soft rlimits too low. Number of files is 256, should be at least 1000
2019-07-16T11:32:18.751-0400 I STORAGE  [initandlisten] createCollection: admin.system.version with provided UUID: 9192eca3-1f7d-4dc5-b5ea-e421b7c4093b
2019-07-16T11:32:18.790-0400 I COMMAND  [initandlisten] setting featureCompatibilityVersion to 4.0
2019-07-16T11:32:18.795-0400 I STORAGE  [initandlisten] createCollection: local.startup_log with generated UUID: 2132e7cd-c6cb-48f3-9969-d5cfff29169f
2019-07-16T11:32:18.832-0400 I FTDC     [initandlisten] Initializing full-time diagnostic data capture with directory 'data/diagnostic.data'
2019-07-16T11:32:18.834-0400 I NETWORK  [initandlisten] waiting for connections on port 27017
2019-07-16T11:32:18.836-0400 I STORAGE  [LogicalSessionCacheRefresh] createCollection: config.system.sessions with generated UUID: d58b640f-a7fe-43a6-a92a-e460ace8ad90
2019-07-16T11:32:18.884-0400 I INDEX    [LogicalSessionCacheRefresh] build index on: config.system.sessions properties: { v: 2, key: { lastUse: 1 }, name: "lsidTTLIndex", ns: "config.system.sessions", expireAfterSeconds: 1800 }
2019-07-16T11:32:18.884-0400 I INDEX    [LogicalSessionCacheRefresh] 	 building index using bulk method; build may temporarily use up to 500 megabytes of RAM
2019-07-16T11:32:18.892-0400 I INDEX    [LogicalSessionCacheRefresh] build index done.  scanned 0 total records. 0 secs
2019-07-16T11:41:59.609-0400 I CONTROL  [signalProcessingThread] got signal 2 (Interrupt: 2), will terminate after current cmd ends
2019-07-16T11:41:59.609-0400 I NETWORK  [signalProcessingThread] shutdown: going to close listening sockets...
2019-07-16T11:41:59.609-0400 I NETWORK  [signalProcessingThread] removing socket file: /tmp/mongodb-27017.sock
2019-07-16T11:41:59.610-0400 I FTDC     [signalProcessingThread] Shutting down full-time diagnostic data capture
2019-07-16T11:41:59.612-0400 I STORAGE  [signalProcessingThread] WiredTigerKVEngine shutting down
2019-07-16T11:41:59.612-0400 I STORAGE  [signalProcessingThread] Shutting down session sweeper thread
2019-07-16T11:41:59.612-0400 I STORAGE  [signalProcessingThread] Finished shutting down session sweeper thread
2019-07-16T11:41:59.748-0400 I STORAGE  [signalProcessingThread] shutdown: removing fs lock...
2019-07-16T11:41:59.749-0400 I CONTROL  [signalProcessingThread] now exiting
2019-07-16T11:41:59.749-0400 I CONTROL  [signalProcessingThread] shutting down with code:0
2019-07-16T11:42:14.728-0400 I CONTROL  [main] ***** SERVER RESTARTED *****
2019-07-16T11:42:14.749-0400 I CONTROL  [main] Automatically disabling TLS 1.0, to force-enable TLS 1.0 specify --sslDisabledProtocols 'none'
2019-07-16T11:42:14.752-0400 I CONTROL  [initandlisten] MongoDB starting : pid=15060 port=27017 dbpath=data 64-bit host=mohammads-MacBook-Pro.local
2019-07-16T11:42:14.752-0400 I CONTROL  [initandlisten] db version v4.0.10
2019-07-16T11:42:14.752-0400 I CONTROL  [initandlisten] git version: c389e7f69f637f7a1ac3cc9fae843b635f20b766
2019-07-16T11:42:14.752-0400 I CONTROL  [initandlisten] allocator: system
2019-07-16T11:42:14.752-0400 I CONTROL  [initandlisten] modules: enterprise 
2019-07-16T11:42:14.752-0400 I CONTROL  [initandlisten] build environment:
2019-07-16T11:42:14.752-0400 I CONTROL  [initandlisten]     distarch: x86_64
2019-07-16T11:42:14.752-0400 I CONTROL  [initandlisten]     target_arch: x86_64
2019-07-16T11:42:14.752-0400 I CONTROL  [initandlisten] options: { config: "m.conf", net: { bindIp: "127.0.0.1" }, storage: { dbPath: "data" }, systemLog: { destination: "file", logAppend: true, path: "log/mongod.log" } }
2019-07-16T11:42:14.753-0400 I STORAGE  [initandlisten] Detected data files in data created by the 'wiredTiger' storage engine, so setting the active storage engine to 'wiredTiger'.
2019-07-16T11:42:14.753-0400 I STORAGE  [initandlisten] wiredtiger_open config: create,cache_size=7680M,session_max=20000,eviction=(threads_min=4,threads_max=4),config_base=false,statistics=(fast),log=(enabled=true,archive=true,path=journal,compressor=snappy),file_manager=(close_idle_time=100000),statistics_log=(wait=0),verbose=(recovery_progress),
2019-07-16T11:42:15.290-0400 I STORAGE  [initandlisten] WiredTiger message [1563291735:290510][15060:0x1113a55c0], txn-recover: Main recovery loop: starting at 1/23552 to 2/256
2019-07-16T11:42:15.363-0400 I STORAGE  [initandlisten] WiredTiger message [1563291735:363430][15060:0x1113a55c0], txn-recover: Recovering log 1 through 2
2019-07-16T11:42:15.410-0400 I STORAGE  [initandlisten] WiredTiger message [1563291735:410701][15060:0x1113a55c0], txn-recover: Recovering log 2 through 2
2019-07-16T11:42:15.449-0400 I STORAGE  [initandlisten] WiredTiger message [1563291735:449160][15060:0x1113a55c0], txn-recover: Set global recovery timestamp: 0
2019-07-16T11:42:15.529-0400 I RECOVERY [initandlisten] WiredTiger recoveryTimestamp. Ts: Timestamp(0, 0)
2019-07-16T11:42:15.536-0400 I CONTROL  [initandlisten] 
2019-07-16T11:42:15.536-0400 I CONTROL  [initandlisten] ** WARNING: Access control is not enabled for the database.
2019-07-16T11:42:15.536-0400 I CONTROL  [initandlisten] **          Read and write access to data and configuration is unrestricted.
2019-07-16T11:42:15.536-0400 I CONTROL  [initandlisten] 
2019-07-16T11:42:15.536-0400 I CONTROL  [initandlisten] 
2019-07-16T11:42:15.536-0400 I CONTROL  [initandlisten] ** WARNING: soft rlimits too low. Number of files is 256, should be at least 1000
2019-07-16T11:42:15.544-0400 I FTDC     [initandlisten] Initializing full-time diagnostic data capture with directory 'data/diagnostic.data'
2019-07-16T11:42:15.545-0400 I NETWORK  [initandlisten] waiting for connections on port 27017
2019-07-16T11:44:06.348-0400 I CONTROL  [signalProcessingThread] got signal 2 (Interrupt: 2), will terminate after current cmd ends
2019-07-16T11:44:06.348-0400 I NETWORK  [signalProcessingThread] shutdown: going to close listening sockets...
2019-07-16T11:44:06.348-0400 I NETWORK  [signalProcessingThread] removing socket file: /tmp/mongodb-27017.sock
2019-07-16T11:44:06.349-0400 I FTDC     [signalProcessingThread] Shutting down full-time diagnostic data capture
2019-07-16T11:44:06.351-0400 I STORAGE  [signalProcessingThread] WiredTigerKVEngine shutting down
2019-07-16T11:44:06.351-0400 I STORAGE  [signalProcessingThread] Shutting down session sweeper thread
2019-07-16T11:44:06.351-0400 I STORAGE  [signalProcessingThread] Finished shutting down session sweeper thread
2019-07-16T11:44:06.504-0400 I STORAGE  [signalProcessingThread] shutdown: removing fs lock...
2019-07-16T11:44:06.505-0400 I CONTROL  [signalProcessingThread] now exiting
2019-07-16T11:44:06.505-0400 I CONTROL  [signalProcessingThread] shutting down with code:0
2019-07-16T11:44:07.884-0400 I CONTROL  [main] ***** SERVER RESTARTED *****
2019-07-16T11:44:07.908-0400 I CONTROL  [main] Automatically disabling TLS 1.0, to force-enable TLS 1.0 specify --sslDisabledProtocols 'none'
2019-07-16T11:44:07.912-0400 I CONTROL  [initandlisten] MongoDB starting : pid=15200 port=27017 dbpath=/Users/mohammad.hunan/skunk_works/skunk_the_gibson/data 64-bit host=mohammads-MacBook-Pro.local
2019-07-16T11:44:07.913-0400 I CONTROL  [initandlisten] db version v4.0.10
2019-07-16T11:44:07.913-0400 I CONTROL  [initandlisten] git version: c389e7f69f637f7a1ac3cc9fae843b635f20b766
2019-07-16T11:44:07.914-0400 I CONTROL  [initandlisten] allocator: system
2019-07-16T11:44:07.915-0400 I CONTROL  [initandlisten] modules: enterprise 
2019-07-16T11:44:07.915-0400 I CONTROL  [initandlisten] build environment:
2019-07-16T11:44:07.916-0400 I CONTROL  [initandlisten]     distarch: x86_64
2019-07-16T11:44:07.917-0400 I CONTROL  [initandlisten]     target_arch: x86_64
2019-07-16T11:44:07.918-0400 I CONTROL  [initandlisten] options: { config: "m.conf", net: { bindIp: "127.0.0.1" }, processManagement: { fork: true }, storage: { dbPath: "data" }, systemLog: { destination: "file", logAppend: true, path: "log/mongod.log" } }
2019-07-16T11:44:07.919-0400 I STORAGE  [initandlisten] Detected data files in /Users/mohammad.hunan/skunk_works/skunk_the_gibson/data created by the 'wiredTiger' storage engine, so setting the active storage engine to 'wiredTiger'.
2019-07-16T11:44:07.920-0400 I STORAGE  [initandlisten] wiredtiger_open config: create,cache_size=7680M,session_max=20000,eviction=(threads_min=4,threads_max=4),config_base=false,statistics=(fast),log=(enabled=true,archive=true,path=journal,compressor=snappy),file_manager=(close_idle_time=100000),statistics_log=(wait=0),verbose=(recovery_progress),
2019-07-16T11:44:08.439-0400 I STORAGE  [initandlisten] WiredTiger message [1563291848:439625][15200:0x1140745c0], txn-recover: Main recovery loop: starting at 2/6272 to 3/256
2019-07-16T11:44:08.508-0400 I STORAGE  [initandlisten] WiredTiger message [1563291848:508859][15200:0x1140745c0], txn-recover: Recovering log 2 through 3
2019-07-16T11:44:08.553-0400 I STORAGE  [initandlisten] WiredTiger message [1563291848:553107][15200:0x1140745c0], txn-recover: Recovering log 3 through 3
2019-07-16T11:44:08.589-0400 I STORAGE  [initandlisten] WiredTiger message [1563291848:589005][15200:0x1140745c0], txn-recover: Set global recovery timestamp: 0
2019-07-16T11:44:08.668-0400 I RECOVERY [initandlisten] WiredTiger recoveryTimestamp. Ts: Timestamp(0, 0)
2019-07-16T11:44:08.677-0400 I CONTROL  [initandlisten] 
2019-07-16T11:44:08.678-0400 I CONTROL  [initandlisten] ** WARNING: Access control is not enabled for the database.
2019-07-16T11:44:08.679-0400 I CONTROL  [initandlisten] **          Read and write access to data and configuration is unrestricted.
2019-07-16T11:44:08.681-0400 I CONTROL  [initandlisten] 
2019-07-16T11:44:08.682-0400 I CONTROL  [initandlisten] 
2019-07-16T11:44:08.683-0400 I CONTROL  [initandlisten] ** WARNING: soft rlimits too low. Number of files is 256, should be at least 1000
2019-07-16T11:44:08.693-0400 I FTDC     [initandlisten] Initializing full-time diagnostic data capture with directory '/Users/mohammad.hunan/skunk_works/skunk_the_gibson/data/diagnostic.data'
2019-07-16T11:44:08.695-0400 I NETWORK  [initandlisten] waiting for connections on port 27017
